<?xml version="1.0" encoding="UTF-8"?>
<robot generator="Robot 4.1.2 (Python 3.10.0 on win32)" generated="20220313 13:51:14.996" rpa="false" schemaversion="2">
<suite id="s1" name="Prueba YouTube" source="C:\Users\Luigi\Desktop\Automatizacion\Busqueda YouTube\Prueba YouTube.robot">
<test id="s1-t1" name="001 Prueba YouTube">
<kw name="Set Selenium Speed" library="SeleniumLibrary">
<arg>0.3</arg>
<doc>Sets the delay that is waited after each Selenium command.</doc>
<status status="PASS" starttime="20220313 13:51:15.177" endtime="20220313 13:51:15.177"/>
</kw>
<kw name="Open Browser" library="SeleniumLibrary">
<arg>https://www.youtube.com/</arg>
<arg>chrome</arg>
<doc>Opens a new browser instance to the optional ``url``.</doc>
<msg timestamp="20220313 13:51:15.177" level="INFO">Opening browser 'chrome' to base url 'https://www.youtube.com/'.</msg>
<status status="PASS" starttime="20220313 13:51:15.177" endtime="20220313 13:51:17.892"/>
</kw>
<kw name="Set Window Size" library="SeleniumLibrary">
<arg>1200</arg>
<arg>900</arg>
<doc>Sets current windows size to given ``width`` and ``height``.</doc>
<status status="PASS" starttime="20220313 13:51:17.892" endtime="20220313 13:51:18.380"/>
</kw>
<kw name="Wait Until Element Is Visible" library="SeleniumLibrary">
<arg>css=#logo-icon</arg>
<doc>Waits until the element ``locator`` is visible.</doc>
<status status="PASS" starttime="20220313 13:51:18.380" endtime="20220313 13:51:19.092"/>
</kw>
<kw name="Input Text" library="SeleniumLibrary">
<arg>css=#search-input &gt; input</arg>
<arg>Comfortably Numb</arg>
<doc>Types the given ``text`` into the text field identified by ``locator``.</doc>
<msg timestamp="20220313 13:51:19.092" level="INFO">Typing text 'Comfortably Numb' into text field 'css=#search-input &gt; input'.</msg>
<status status="PASS" starttime="20220313 13:51:19.092" endtime="20220313 13:51:20.097"/>
</kw>
<kw name="Click Element" library="SeleniumLibrary">
<arg>css=#search-icon-legacy</arg>
<doc>Click the element identified by ``locator``.</doc>
<msg timestamp="20220313 13:51:20.097" level="INFO">Clicking element 'css=#search-icon-legacy'.</msg>
<status status="PASS" starttime="20220313 13:51:20.097" endtime="20220313 13:51:20.761"/>
</kw>
<kw name="Wait Until Element Is Visible" library="SeleniumLibrary">
<arg>css=#container &gt; ytd-toggle-button-renderer &gt; a &gt; tp-yt-paper-button</arg>
<doc>Waits until the element ``locator`` is visible.</doc>
<status status="PASS" starttime="20220313 13:51:20.761" endtime="20220313 13:51:22.065"/>
</kw>
<kw name="Title Should Be" library="SeleniumLibrary">
<arg>Comfortably Numb - YouTube</arg>
<doc>Verifies that the current page title equals ``title``.</doc>
<msg timestamp="20220313 13:51:22.370" level="INFO">Page title is 'Comfortably Numb - YouTube'.</msg>
<status status="PASS" starttime="20220313 13:51:22.065" endtime="20220313 13:51:22.370"/>
</kw>
<kw name="Click Element" library="SeleniumLibrary">
<arg>css=#video-title &gt; yt-formatted-string</arg>
<doc>Click the element identified by ``locator``.</doc>
<msg timestamp="20220313 13:51:22.370" level="INFO">Clicking element 'css=#video-title &gt; yt-formatted-string'.</msg>
<status status="PASS" starttime="20220313 13:51:22.370" endtime="20220313 13:51:23.040"/>
</kw>
<status status="PASS" starttime="20220313 13:51:15.176" endtime="20220313 13:51:23.040"/>
</test>
<status status="PASS" starttime="20220313 13:51:14.997" endtime="20220313 13:51:23.040"/>
</suite>
<statistics>
<total>
<stat pass="1" fail="0" skip="0">All Tests</stat>
</total>
<tag>
</tag>
<suite>
<stat pass="1" fail="0" skip="0" id="s1" name="Prueba YouTube">Prueba YouTube</stat>
</suite>
</statistics>
<errors>
</errors>
</robot>
