<?xml version="1.0" encoding="UTF-8"?>
<robot generator="Robot 4.1.2 (Python 3.10.0 on win32)" generated="20220315 20:14:11.659" rpa="false" schemaversion="2">
<suite id="s1" name="Condicionales0.2" source="C:\Users\Luigi\Desktop\Automatizacion\Condicionales\condicionales0.2.robot">
<test id="s1-t1" name="001 Caso Con Condicionales">
<kw name="Open Browser" library="SeleniumLibrary">
<arg>${homepage}</arg>
<arg>${browser}</arg>
<doc>Opens a new browser instance to the optional ``url``.</doc>
<msg timestamp="20220315 20:14:11.824" level="INFO">Opening browser 'chrome' to base url 'http://automationpractice.com/index.php'.</msg>
<status status="PASS" starttime="20220315 20:14:11.824" endtime="20220315 20:14:16.786"/>
</kw>
<kw name="Wait Until Element Is Visible" library="SeleniumLibrary">
<arg>css=#header_logo &gt; a &gt; img</arg>
<doc>Waits until the element ``locator`` is visible.</doc>
<status status="PASS" starttime="20220315 20:14:16.786" endtime="20220315 20:14:16.802"/>
</kw>
<kw name="Run Keyword If" library="BuiltIn">
<arg>"${seleccion}"=="Women"</arg>
<arg>Selecte Women Option</arg>
<arg>ELSE</arg>
<arg>Selecte Dresses Option</arg>
<doc>Runs the given keyword with the given arguments, if ``condition`` is true.</doc>
<kw name="Selecte Dresses Option">
<kw name="Click Element" library="SeleniumLibrary">
<arg>css=#block_top_menu &gt; ul &gt; li:nth-child(2) &gt; a</arg>
<doc>Click the element identified by ``locator``.</doc>
<msg timestamp="20220315 20:14:16.803" level="INFO">Clicking element 'css=#block_top_menu &gt; ul &gt; li:nth-child(2) &gt; a'.</msg>
<status status="PASS" starttime="20220315 20:14:16.803" endtime="20220315 20:14:18.507"/>
</kw>
<kw name="Title Should Be" library="SeleniumLibrary">
<arg>Dresses - My Store</arg>
<doc>Verifies that the current page title equals ``title``.</doc>
<msg timestamp="20220315 20:14:18.510" level="INFO">Page title is 'Dresses - My Store'.</msg>
<status status="PASS" starttime="20220315 20:14:18.507" endtime="20220315 20:14:18.510"/>
</kw>
<status status="PASS" starttime="20220315 20:14:16.803" endtime="20220315 20:14:18.510"/>
</kw>
<status status="PASS" starttime="20220315 20:14:16.802" endtime="20220315 20:14:18.511"/>
</kw>
<kw name="Close Browser" library="SeleniumLibrary">
<doc>Closes the current browser.</doc>
<status status="PASS" starttime="20220315 20:14:18.511" endtime="20220315 20:14:20.601"/>
</kw>
<status status="PASS" starttime="20220315 20:14:11.823" endtime="20220315 20:14:20.601"/>
</test>
<status status="PASS" starttime="20220315 20:14:11.660" endtime="20220315 20:14:20.602"/>
</suite>
<statistics>
<total>
<stat pass="1" fail="0" skip="0">All Tests</stat>
</total>
<tag>
</tag>
<suite>
<stat pass="1" fail="0" skip="0" id="s1" name="Condicionales0.2">Condicionales0.2</stat>
</suite>
</statistics>
<errors>
</errors>
</robot>
